Compiled jquery.js  (3ms)  (pid 5490)
Compiled jquery_ujs.js  (0ms)  (pid 5490)
Compiled home.js  (63ms)  (pid 5490)
Compiled application.js  (79ms)  (pid 5490)
Compiled home.css  (1ms)  (pid 5490)
Compiled application.css  (15ms)  (pid 5490)
Compiled jquery.js  (3ms)  (pid 5490)
Compiled jquery_ujs.js  (0ms)  (pid 5490)
Compiled home.js  (55ms)  (pid 5490)
Compiled application.js  (96ms)  (pid 5490)
Compiled home.css  (1ms)  (pid 5490)
Compiled application.css  (13ms)  (pid 5490)
Compiled jquery.js  (3ms)  (pid 5586)
Compiled jquery_ujs.js  (0ms)  (pid 5586)
Compiled home.js  (110ms)  (pid 5586)
Compiled application.js  (134ms)  (pid 5586)
Compiled home.css  (1ms)  (pid 5586)
Compiled application.css  (17ms)  (pid 5586)
Compiled jquery.js  (3ms)  (pid 5586)
Compiled jquery_ujs.js  (0ms)  (pid 5586)
Compiled home.js  (69ms)  (pid 5586)
Compiled application.js  (88ms)  (pid 5586)
Compiled home.css  (0ms)  (pid 5586)
Compiled application.css  (13ms)  (pid 5586)
Compiled jquery.js  (3ms)  (pid 5900)
Compiled jquery_ujs.js  (0ms)  (pid 5900)
Compiled home.js  (88ms)  (pid 5900)
Compiled application.js  (112ms)  (pid 5900)
Compiled home.css  (1ms)  (pid 5900)
Compiled application.css  (17ms)  (pid 5900)
Compiled jquery.js  (3ms)  (pid 5900)
Compiled jquery_ujs.js  (0ms)  (pid 5900)
Compiled home.js  (70ms)  (pid 5900)
Compiled application.js  (88ms)  (pid 5900)
Compiled home.css  (0ms)  (pid 5900)
Compiled application.css  (12ms)  (pid 5900)
Compiled jquery.js  (3ms)  (pid 5934)
Compiled jquery_ujs.js  (0ms)  (pid 5934)
Compiled home.js  (74ms)  (pid 5934)
Compiled application.js  (90ms)  (pid 5934)
Compiled home.css  (1ms)  (pid 5934)
Compiled application.css  (14ms)  (pid 5934)
Compiled jquery.js  (3ms)  (pid 5934)
Compiled jquery_ujs.js  (0ms)  (pid 5934)
Compiled home.js  (70ms)  (pid 5934)
Compiled application.js  (85ms)  (pid 5934)
Compiled home.css  (0ms)  (pid 5934)
Compiled application.css  (13ms)  (pid 5934)
Compiled jquery.js  (3ms)  (pid 7173)
Compiled jquery_ujs.js  (0ms)  (pid 7173)
Compiled home.js  (90ms)  (pid 7173)
Compiled application.js  (108ms)  (pid 7173)
Compiled home.css  (1ms)  (pid 7173)
Compiled application.css  (15ms)  (pid 7173)
Compiled jquery.js  (3ms)  (pid 7173)
Compiled jquery_ujs.js  (0ms)  (pid 7173)
Compiled home.js  (76ms)  (pid 7173)
Compiled application.js  (91ms)  (pid 7173)
Compiled home.css  (1ms)  (pid 7173)
Compiled application.css  (13ms)  (pid 7173)
Compiled jquery.js  (3ms)  (pid 7330)
Compiled jquery_ujs.js  (0ms)  (pid 7330)
Compiled home.js  (78ms)  (pid 7330)
Compiled application.js  (100ms)  (pid 7330)
Compiled home.css  (1ms)  (pid 7330)
Compiled application.css  (13ms)  (pid 7330)
Compiled jquery.js  (3ms)  (pid 7330)
Compiled jquery_ujs.js  (0ms)  (pid 7330)
Compiled home.js  (72ms)  (pid 7330)
Compiled application.js  (88ms)  (pid 7330)
Compiled home.css  (0ms)  (pid 7330)
Compiled application.css  (12ms)  (pid 7330)
Compiled jquery.js  (3ms)  (pid 7491)
Compiled jquery_ujs.js  (0ms)  (pid 7491)
Compiled home.js  (76ms)  (pid 7491)
Compiled application.js  (92ms)  (pid 7491)
Compiled home.css  (0ms)  (pid 7491)
Compiled application.css  (12ms)  (pid 7491)
Compiled jquery.js  (3ms)  (pid 7491)
Compiled jquery_ujs.js  (0ms)  (pid 7491)
Compiled home.js  (76ms)  (pid 7491)
Compiled application.js  (91ms)  (pid 7491)
Compiled home.css  (0ms)  (pid 7491)
Compiled application.css  (12ms)  (pid 7491)
Compiled jquery.js  (3ms)  (pid 12095)
Compiled jquery_ujs.js  (0ms)  (pid 12095)
Compiled home.js  (119ms)  (pid 12095)
Compiled application.js  (143ms)  (pid 12095)
Compiled home.css  (1ms)  (pid 12095)
Compiled application.css  (16ms)  (pid 12095)
Compiled jquery.js  (3ms)  (pid 12095)
Compiled jquery_ujs.js  (0ms)  (pid 12095)
Compiled home.js  (79ms)  (pid 12095)
Compiled application.js  (95ms)  (pid 12095)
Compiled home.css  (0ms)  (pid 12095)
Compiled application.css  (12ms)  (pid 12095)
Compiled jquery.js  (3ms)  (pid 12105)
Compiled jquery_ujs.js  (0ms)  (pid 12105)
Compiled home.js  (81ms)  (pid 12105)
Compiled application.js  (96ms)  (pid 12105)
Compiled home.css  (1ms)  (pid 12105)
Compiled application.css  (15ms)  (pid 12105)
Compiled jquery.js  (3ms)  (pid 12105)
Compiled jquery_ujs.js  (0ms)  (pid 12105)
Compiled home.js  (75ms)  (pid 12105)
Compiled application.js  (90ms)  (pid 12105)
Compiled home.css  (1ms)  (pid 12105)
Compiled application.css  (15ms)  (pid 12105)
Compiled jquery.js  (4ms)  (pid 12132)
Compiled jquery_ujs.js  (0ms)  (pid 12132)
Compiled home.js  (93ms)  (pid 12132)
Compiled application.js  (119ms)  (pid 12132)
Compiled home.css  (1ms)  (pid 12132)
Compiled application.css  (14ms)  (pid 12132)
Compiled jquery.js  (3ms)  (pid 12132)
Compiled jquery_ujs.js  (0ms)  (pid 12132)
Compiled home.js  (76ms)  (pid 12132)
Compiled application.js  (92ms)  (pid 12132)
Compiled home.css  (1ms)  (pid 12132)
Compiled application.css  (14ms)  (pid 12132)
Compiled jquery.js  (4ms)  (pid 12148)
Compiled jquery_ujs.js  (0ms)  (pid 12148)
Compiled home.js  (79ms)  (pid 12148)
Compiled application.js  (99ms)  (pid 12148)
Compiled home.css  (0ms)  (pid 12148)
Compiled application.css  (15ms)  (pid 12148)
Compiled jquery.js  (3ms)  (pid 12148)
Compiled jquery_ujs.js  (0ms)  (pid 12148)
Compiled home.js  (77ms)  (pid 12148)
Compiled application.js  (93ms)  (pid 12148)
Compiled home.css  (1ms)  (pid 12148)
Compiled application.css  (13ms)  (pid 12148)
Compiled jquery.js  (3ms)  (pid 12161)
Compiled jquery_ujs.js  (0ms)  (pid 12161)
Compiled home.js  (89ms)  (pid 12161)
Compiled application.js  (105ms)  (pid 12161)
Compiled home.css  (0ms)  (pid 12161)
Compiled application.css  (12ms)  (pid 12161)
Compiled jquery.js  (3ms)  (pid 12161)
Compiled jquery_ujs.js  (0ms)  (pid 12161)
Compiled home.js  (78ms)  (pid 12161)
Compiled application.js  (94ms)  (pid 12161)
Compiled home.css  (0ms)  (pid 12161)
Compiled application.css  (13ms)  (pid 12161)
Compiled jquery.js  (3ms)  (pid 1612)
Compiled jquery_ujs.js  (0ms)  (pid 1612)
Compiled home.js  (92ms)  (pid 1612)
Compiled application.js  (111ms)  (pid 1612)
Compiled home.css  (1ms)  (pid 1612)
Compiled application.css  (16ms)  (pid 1612)
Compiled jquery.js  (3ms)  (pid 1612)
Compiled jquery_ujs.js  (0ms)  (pid 1612)
Compiled home.js  (75ms)  (pid 1612)
Compiled application.js  (90ms)  (pid 1612)
Compiled home.css  (0ms)  (pid 1612)
Compiled application.css  (14ms)  (pid 1612)
Compiled jquery.js  (3ms)  (pid 1775)
Compiled jquery_ujs.js  (0ms)  (pid 1775)
Compiled home.js  (80ms)  (pid 1775)
Compiled application.js  (96ms)  (pid 1775)
Compiled home.css  (1ms)  (pid 1775)
Compiled application.css  (13ms)  (pid 1775)
Compiled jquery.js  (3ms)  (pid 1775)
Compiled jquery_ujs.js  (0ms)  (pid 1775)
Compiled home.js  (74ms)  (pid 1775)
Compiled application.js  (89ms)  (pid 1775)
Compiled home.css  (1ms)  (pid 1775)
Compiled application.css  (14ms)  (pid 1775)
Compiled jquery.js  (3ms)  (pid 1792)
Compiled jquery_ujs.js  (0ms)  (pid 1792)
Compiled home.js  (74ms)  (pid 1792)
Compiled application.js  (89ms)  (pid 1792)
Compiled home.css  (0ms)  (pid 1792)
Compiled application.css  (13ms)  (pid 1792)
Compiled jquery.js  (3ms)  (pid 1792)
Compiled jquery_ujs.js  (0ms)  (pid 1792)
Compiled home.js  (78ms)  (pid 1792)
Compiled application.js  (93ms)  (pid 1792)
Compiled home.css  (1ms)  (pid 1792)
Compiled application.css  (13ms)  (pid 1792)
Compiled jquery.js  (3ms)  (pid 2417)
Compiled jquery_ujs.js  (0ms)  (pid 2417)
Compiled home.js  (142ms)  (pid 2417)
Compiled application.js  (162ms)  (pid 2417)
Compiled home.css  (1ms)  (pid 2417)
Compiled application.css  (18ms)  (pid 2417)
Compiled jquery.js  (3ms)  (pid 2417)
Compiled jquery_ujs.js  (0ms)  (pid 2417)
Compiled home.js  (76ms)  (pid 2417)
Compiled application.js  (92ms)  (pid 2417)
Compiled home.css  (1ms)  (pid 2417)
Compiled application.css  (17ms)  (pid 2417)
Compiled jquery.js  (3ms)  (pid 2899)
Compiled jquery_ujs.js  (0ms)  (pid 2899)
Compiled home.js  (111ms)  (pid 2899)
Compiled application.js  (136ms)  (pid 2899)
Compiled home.css  (0ms)  (pid 2899)
Compiled application.css  (16ms)  (pid 2899)
Compiled jquery.js  (3ms)  (pid 2899)
Compiled jquery_ujs.js  (0ms)  (pid 2899)
Compiled home.js  (77ms)  (pid 2899)
Compiled application.js  (94ms)  (pid 2899)
Compiled home.css  (1ms)  (pid 2899)
Compiled application.css  (16ms)  (pid 2899)
Compiled jquery.js  (3ms)  (pid 3188)
Compiled jquery_ujs.js  (0ms)  (pid 3188)
Compiled home.js  (91ms)  (pid 3188)
Compiled joiners_map.js  (0ms)  (pid 3188)
Compiled application.js  (115ms)  (pid 3188)
Compiled home.css  (1ms)  (pid 3188)
Compiled ride.css  (2ms)  (pid 3188)
Compiled application.css  (20ms)  (pid 3188)
Compiled jquery.js  (3ms)  (pid 3188)
Compiled jquery_ujs.js  (0ms)  (pid 3188)
Compiled home.js  (76ms)  (pid 3188)
Compiled joiners_map.js  (0ms)  (pid 3188)
Compiled application.js  (95ms)  (pid 3188)
Compiled home.css  (0ms)  (pid 3188)
Compiled ride.css  (1ms)  (pid 3188)
Compiled application.css  (18ms)  (pid 3188)
Compiled jquery.js  (3ms)  (pid 3198)
Compiled jquery_ujs.js  (0ms)  (pid 3198)
Compiled home.js  (83ms)  (pid 3198)
Compiled joiners_map.js  (0ms)  (pid 3198)
Compiled application.js  (103ms)  (pid 3198)
Compiled home.css  (0ms)  (pid 3198)
Compiled ride.css  (1ms)  (pid 3198)
Compiled application.css  (16ms)  (pid 3198)
Compiled jquery.js  (3ms)  (pid 3198)
Compiled jquery_ujs.js  (0ms)  (pid 3198)
Compiled home.js  (74ms)  (pid 3198)
Compiled joiners_map.js  (0ms)  (pid 3198)
Compiled application.js  (93ms)  (pid 3198)
Compiled home.css  (1ms)  (pid 3198)
Compiled ride.css  (1ms)  (pid 3198)
Compiled application.css  (17ms)  (pid 3198)
Compiled jquery.js  (3ms)  (pid 3610)
Compiled jquery_ujs.js  (0ms)  (pid 3610)
Compiled add_event_map.js  (0ms)  (pid 3610)
Compiled home.js  (83ms)  (pid 3610)
Compiled joiners_map.js  (0ms)  (pid 3610)
Compiled application.js  (136ms)  (pid 3610)
Compiled home.css  (1ms)  (pid 3610)
Compiled ride.css  (2ms)  (pid 3610)
Compiled application.css  (24ms)  (pid 3610)
Compiled jquery.js  (3ms)  (pid 3610)
Compiled jquery_ujs.js  (0ms)  (pid 3610)
Compiled add_event_map.js  (0ms)  (pid 3610)
Compiled home.js  (55ms)  (pid 3610)
Compiled joiners_map.js  (0ms)  (pid 3610)
Compiled application.js  (107ms)  (pid 3610)
Compiled home.css  (1ms)  (pid 3610)
Compiled ride.css  (2ms)  (pid 3610)
Compiled application.css  (23ms)  (pid 3610)
Compiled jquery.js  (3ms)  (pid 3620)
Compiled jquery_ujs.js  (0ms)  (pid 3620)
Compiled add_event_map.js  (0ms)  (pid 3620)
Compiled home.js  (56ms)  (pid 3620)
Compiled joiners_map.js  (0ms)  (pid 3620)
Compiled application.js  (109ms)  (pid 3620)
Compiled home.css  (1ms)  (pid 3620)
Compiled ride.css  (2ms)  (pid 3620)
Compiled application.css  (22ms)  (pid 3620)
Compiled jquery.js  (3ms)  (pid 3620)
Compiled jquery_ujs.js  (0ms)  (pid 3620)
Compiled add_event_map.js  (0ms)  (pid 3620)
Compiled home.js  (57ms)  (pid 3620)
Compiled joiners_map.js  (0ms)  (pid 3620)
Compiled application.js  (107ms)  (pid 3620)
Compiled home.css  (1ms)  (pid 3620)
Compiled ride.css  (2ms)  (pid 3620)
Compiled application.css  (22ms)  (pid 3620)
Compiled jquery.js  (28ms)  (pid 928)
Compiled jquery_ujs.js  (0ms)  (pid 928)
Compiled events/helpers.js  (0ms)  (pid 928)
Compiled home.js  (101ms)  (pid 928)
Compiled users/helpers.js  (0ms)  (pid 928)
Compiled application.js  (161ms)  (pid 928)
Compiled event.css  (0ms)  (pid 928)
Compiled home.css  (1ms)  (pid 928)
Compiled ride.css  (2ms)  (pid 928)
Compiled user.css  (1ms)  (pid 928)
Compiled application.css  (30ms)  (pid 928)
Compiled jquery.js  (27ms)  (pid 928)
Compiled jquery_ujs.js  (0ms)  (pid 928)
Compiled events/helpers.js  (0ms)  (pid 928)
Compiled home.js  (54ms)  (pid 928)
Compiled users/helpers.js  (0ms)  (pid 928)
Compiled application.js  (102ms)  (pid 928)
Compiled event.css  (0ms)  (pid 928)
Compiled home.css  (2ms)  (pid 928)
Compiled ride.css  (2ms)  (pid 928)
Compiled user.css  (2ms)  (pid 928)
Compiled application.css  (34ms)  (pid 928)
Compiled jquery.js  (27ms)  (pid 4263)
Compiled jquery_ujs.js  (0ms)  (pid 4263)
Compiled events/helpers.js  (0ms)  (pid 4263)
Compiled application.js  (42ms)  (pid 4263)
Compiled event.css  (0ms)  (pid 4263)
Compiled home.css  (1ms)  (pid 4263)
Compiled ride.css  (1ms)  (pid 4263)
Compiled user.css  (1ms)  (pid 4263)
Compiled application.css  (31ms)  (pid 4263)
Compiled jquery.js  (26ms)  (pid 4263)
Compiled jquery_ujs.js  (0ms)  (pid 4263)
Compiled events/helpers.js  (0ms)  (pid 4263)
Compiled application.js  (38ms)  (pid 4263)
Compiled event.css  (0ms)  (pid 4263)
Compiled home.css  (1ms)  (pid 4263)
Compiled ride.css  (1ms)  (pid 4263)
Compiled user.css  (2ms)  (pid 4263)
Compiled application.css  (31ms)  (pid 4263)
Compiled jquery.js  (28ms)  (pid 5413)
Compiled jquery_ujs.js  (0ms)  (pid 5413)
Compiled events/helpers.js  (0ms)  (pid 5413)
Compiled application.js  (43ms)  (pid 5413)
Compiled event.css  (0ms)  (pid 5413)
Compiled home.css  (1ms)  (pid 5413)
Compiled ride.css  (1ms)  (pid 5413)
Compiled user.css  (1ms)  (pid 5413)
Compiled application.css  (36ms)  (pid 5413)
Compiled jquery.js  (29ms)  (pid 5413)
Compiled jquery_ujs.js  (0ms)  (pid 5413)
Compiled events/helpers.js  (0ms)  (pid 5413)
Compiled application.js  (40ms)  (pid 5413)
Compiled event.css  (0ms)  (pid 5413)
Compiled home.css  (0ms)  (pid 5413)
Compiled ride.css  (1ms)  (pid 5413)
Compiled user.css  (1ms)  (pid 5413)
Compiled application.css  (24ms)  (pid 5413)
Compiled jquery.js  (3ms)  (pid 6157)
Compiled jquery_ujs.js  (0ms)  (pid 6157)
Compiled twitter/bootstrap/bootstrap-transition.js  (0ms)  (pid 6157)
Compiled twitter/bootstrap/bootstrap-alert.js  (0ms)  (pid 6157)
Compiled twitter/bootstrap/bootstrap-modal.js  (0ms)  (pid 6157)
Compiled twitter/bootstrap/bootstrap-dropdown.js  (0ms)  (pid 6157)
Compiled twitter/bootstrap/bootstrap-scrollspy.js  (0ms)  (pid 6157)
Compiled twitter/bootstrap/bootstrap-tab.js  (0ms)  (pid 6157)
Compiled twitter/bootstrap/bootstrap-tooltip.js  (0ms)  (pid 6157)
Compiled twitter/bootstrap/bootstrap-popover.js  (0ms)  (pid 6157)
Compiled twitter/bootstrap/bootstrap-button.js  (0ms)  (pid 6157)
Compiled twitter/bootstrap/bootstrap-collapse.js  (0ms)  (pid 6157)
Compiled twitter/bootstrap/bootstrap-carousel.js  (0ms)  (pid 6157)
Compiled twitter/bootstrap/bootstrap-typeahead.js  (0ms)  (pid 6157)
Compiled twitter/bootstrap/bootstrap-affix.js  (0ms)  (pid 6157)
Compiled twitter/bootstrap.js  (62ms)  (pid 6157)
Compiled bootstrap.js  (56ms)  (pid 6157)
Compiled events/helpers.js  (0ms)  (pid 6157)
Compiled application.js  (197ms)  (pid 6157)
Compiled bootstrap_and_overrides.css  (664ms)  (pid 6157)
Compiled event.css  (0ms)  (pid 6157)
Compiled home.css  (0ms)  (pid 6157)
Compiled ride.css  (1ms)  (pid 6157)
Compiled user.css  (1ms)  (pid 6157)
Compiled application.css  (687ms)  (pid 6157)
Compiled jquery.js  (33ms)  (pid 6157)
Compiled jquery_ujs.js  (0ms)  (pid 6157)
Compiled twitter/bootstrap/bootstrap-transition.js  (0ms)  (pid 6157)
Compiled twitter/bootstrap/bootstrap-alert.js  (0ms)  (pid 6157)
Compiled twitter/bootstrap/bootstrap-modal.js  (0ms)  (pid 6157)
Compiled twitter/bootstrap/bootstrap-dropdown.js  (0ms)  (pid 6157)
Compiled twitter/bootstrap/bootstrap-scrollspy.js  (0ms)  (pid 6157)
Compiled twitter/bootstrap/bootstrap-tab.js  (0ms)  (pid 6157)
Compiled twitter/bootstrap/bootstrap-tooltip.js  (0ms)  (pid 6157)
Compiled twitter/bootstrap/bootstrap-popover.js  (0ms)  (pid 6157)
Compiled twitter/bootstrap/bootstrap-button.js  (0ms)  (pid 6157)
Compiled twitter/bootstrap/bootstrap-collapse.js  (0ms)  (pid 6157)
Compiled twitter/bootstrap/bootstrap-carousel.js  (0ms)  (pid 6157)
Compiled twitter/bootstrap/bootstrap-typeahead.js  (0ms)  (pid 6157)
Compiled twitter/bootstrap/bootstrap-affix.js  (0ms)  (pid 6157)
Compiled twitter/bootstrap.js  (42ms)  (pid 6157)
Compiled bootstrap.js  (54ms)  (pid 6157)
Compiled events/helpers.js  (0ms)  (pid 6157)
Compiled application.js  (176ms)  (pid 6157)
Compiled bootstrap_and_overrides.css  (659ms)  (pid 6157)
Compiled event.css  (1ms)  (pid 6157)
Compiled home.css  (1ms)  (pid 6157)
Compiled ride.css  (1ms)  (pid 6157)
Compiled user.css  (1ms)  (pid 6157)
Compiled application.css  (688ms)  (pid 6157)
